android/app/build/intermediates/manifest_merge_blame_file/debug/processDebugMainManifest/manifest-merger-blame-debug-report.txt
1<?xml version="1.0" encoding="utf-8"?>
2<manifest xmlns:android="http://schemas.android.com/apk/res/android"
3    package="com.mihir.sou_feedback_app"
4    android:versionCode="1"
5    android:versionName="1.0.0" >
6
7    <uses-sdk
8        android:minSdkVersion="24"
9        android:targetSdkVersion="36" />
10    <!--
11         The INTERNET permission is required for development. Specifically,
12         the Flutter tool needs it to communicate with the running application
13         to allow setting breakpoints, to provide hot reload, etc.
14    -->
15    <uses-permission android:name="android.permission.INTERNET" />
15-->src\debug\AndroidManifest.xml:6:5-66
15-->src\debug\AndroidManifest.xml:6:22-64
16    <!-- SMS and OTP related permissions -->
17    <uses-permission android:name="android.permission.SEND_SMS" />
17-->src\main\AndroidManifest.xml:36:5-67
17-->src\main\AndroidManifest.xml:36:22-64
18    <uses-permission android:name="android.permission.READ_SMS" />
18-->src\main\AndroidManifest.xml:37:5-67
18-->src\main\AndroidManifest.xml:37:22-64
19    <uses-permission android:name="android.permission.RECEIVE_SMS" />
19-->src\main\AndroidManifest.xml:38:5-70
19-->src\main\AndroidManifest.xml:38:22-67
20    <!--
21 Required to query activities that can process text, see:
22         https://developer.android.com/training/package-visibility and
23         https://developer.android.com/reference/android/content/Intent#ACTION_PROCESS_TEXT.
24
25         In particular, this is used by the Flutter engine in io.flutter.plugin.text.ProcessTextPlugin.
26    -->
27    <queries>
27-->src\main\AndroidManifest.xml:45:5-50:15
28        <intent>
28-->src\main\AndroidManifest.xml:46:9-49:18
29            <action android:name="android.intent.action.PROCESS_TEXT" />
29-->src\main\AndroidManifest.xml:47:13-72
29-->src\main\AndroidManifest.xml:47:21-70
30
31            <data android:mimeType="text/plain" />
31-->src\main\AndroidManifest.xml:48:13-50
31-->src\main\AndroidManifest.xml:48:19-48
32        </intent>
33        <intent>
33-->[androidx.media:media:1.4.1] AndroidManifest.xml:25:9-27:18
34            <action android:name="android.media.browse.MediaBrowserService" />
34-->[androidx.media:media:1.4.1] AndroidManifest.xml:26:13-79
34-->[androidx.media:media:1.4.1] AndroidManifest.xml:26:21-76
35        </intent>
36    </queries>
37
38    <uses-permission android:name="android.permission.ACCESS_NETWORK_STATE" />
38-->[com.google.firebase:firebase-auth:24.0.1] AndroidManifest.xml:26:5-79
38-->[com.google.firebase:firebase-auth:24.0.1] AndroidManifest.xml:26:22-76
39    <uses-permission android:name="com.google.android.providers.gsf.permission.READ_GSERVICES" />
39-->[com.google.android.recaptcha:recaptcha:18.6.1] AndroidManifest.xml:9:5-98
39-->[com.google.android.recaptcha:recaptcha:18.6.1] AndroidManifest.xml:9:22-95
40    <uses-permission android:name="android.permission.BLUETOOTH" />
40-->[com.github.canardoux:flutter_sound_core:9.30.0] AndroidManifest.xml:7:5-68
40-->[com.github.canardoux:flutter_sound_core:9.30.0] AndroidManifest.xml:7:22-65
41    <uses-permission android:name="android.permission.WAKE_LOCK" />
41-->[com.github.canardoux:flutter_sound_core:9.30.0] AndroidManifest.xml:8:5-68
41-->[com.github.canardoux:flutter_sound_core:9.30.0] AndroidManifest.xml:8:22-65
42    <uses-permission android:name="android.permission.MODIFY_AUDIO_SETTINGS" />
42-->[com.github.canardoux:flutter_sound_core:9.30.0] AndroidManifest.xml:9:5-80
42-->[com.github.canardoux:flutter_sound_core:9.30.0] AndroidManifest.xml:9:22-77
43    <uses-permission android:name="android.permission.RECORD_AUDIO" />
43-->[com.github.canardoux:flutter_sound_core:9.30.0] AndroidManifest.xml:10:5-71
43-->[com.github.canardoux:flutter_sound_core:9.30.0] AndroidManifest.xml:10:22-68
44    <uses-permission android:name="Manifest.permission.CAPTURE_AUDIO_OUTPUT" />
44-->[com.github.canardoux:flutter_sound_core:9.30.0] AndroidManifest.xml:11:5-80
44-->[com.github.canardoux:flutter_sound_core:9.30.0] AndroidManifest.xml:11:22-77
45
46    <permission
46-->[androidx.core:core:1.13.1] AndroidManifest.xml:22:5-24:47
47        android:name="com.mihir.sou_feedback_app.DYNAMIC_RECEIVER_NOT_EXPORTED_PERMISSION"
47-->[androidx.core:core:1.13.1] AndroidManifest.xml:23:9-81
48        android:protectionLevel="signature" />
48-->[androidx.core:core:1.13.1] AndroidManifest.xml:24:9-44
49
50    <uses-permission android:name="com.mihir.sou_feedback_app.DYNAMIC_RECEIVER_NOT_EXPORTED_PERMISSION" />
50-->[androidx.core:core:1.13.1] AndroidManifest.xml:26:5-97
50-->[androidx.core:core:1.13.1] AndroidManifest.xml:26:22-94
51
52    <application
53        android:name="android.app.Application"
54        android:appComponentFactory="androidx.core.app.CoreComponentFactory"
54-->[androidx.core:core:1.13.1] AndroidManifest.xml:28:18-86
55        android:debuggable="true"
56        android:extractNativeLibs="false"
57        android:icon="@mipmap/ic_launcher"
58        android:label="sou_feedback_app" >
59        <activity
60            android:name="com.mihir.sou_feedback_app.MainActivity"
61            android:configChanges="orientation|keyboardHidden|keyboard|screenSize|smallestScreenSize|locale|layoutDirection|fontScale|screenLayout|density|uiMode"
62            android:exported="true"
63            android:hardwareAccelerated="true"
64            android:launchMode="singleTop"
65            android:taskAffinity=""
66            android:theme="@style/LaunchTheme"
67            android:windowSoftInputMode="adjustResize" >
68
69            <!--
70                 Specifies an Android theme to apply to this Activity as soon as
71                 the Android process has started. This theme is visible to the user
72                 while the Flutter UI initializes. After that, this theme continues
73                 to determine the Window background behind the Flutter UI.
74            -->
75            <meta-data
76                android:name="io.flutter.embedding.android.NormalTheme"
77                android:resource="@style/NormalTheme" />
78
79            <intent-filter>
80                <action android:name="android.intent.action.MAIN" />
81
82                <category android:name="android.intent.category.LAUNCHER" />
83            </intent-filter>
84        </activity>
85        <!--
86             Don't delete the meta-data below.
87             This is used by the Flutter tool to generate GeneratedPluginRegistrant.java
88        -->
89        <meta-data
90            android:name="flutterEmbedding"
91            android:value="2" />
92
93        <service
93-->[:firebase_storage] AndroidManifest.xml:8:9-12:19
94            android:name="com.google.firebase.components.ComponentDiscoveryService"
94-->[:firebase_storage] AndroidManifest.xml:8:18-89
95            android:directBootAware="true"
95-->[com.google.firebase:firebase-common:22.0.1] AndroidManifest.xml:32:13-43
96            android:exported="false" >
96-->[com.google.firebase:firebase-auth:24.0.1] AndroidManifest.xml:68:13-37
97            <meta-data
97-->[:firebase_storage] AndroidManifest.xml:9:13-11:85
98                android:name="com.google.firebase.components:io.flutter.plugins.firebase.storage.FlutterFirebaseAppRegistrar"
98-->[:firebase_storage] AndroidManifest.xml:10:17-126
99                android:value="com.google.firebase.components.ComponentRegistrar" />
99-->[:firebase_storage] AndroidManifest.xml:11:17-82
100            <meta-data
100-->[:cloud_firestore] AndroidManifest.xml:9:13-11:85
101                android:name="com.google.firebase.components:io.flutter.plugins.firebase.firestore.FlutterFirebaseFirestoreRegistrar"
101-->[:cloud_firestore] AndroidManifest.xml:10:17-134
102                android:value="com.google.firebase.components.ComponentRegistrar" />
102-->[:cloud_firestore] AndroidManifest.xml:11:17-82
103            <meta-data
103-->[:firebase_app_check] AndroidManifest.xml:9:13-11:85
104                android:name="com.google.firebase.components:io.flutter.plugins.firebase.appcheck.FlutterFirebaseAppRegistrar"
104-->[:firebase_app_check] AndroidManifest.xml:10:17-127
105                android:value="com.google.firebase.components.ComponentRegistrar" />
105-->[:firebase_app_check] AndroidManifest.xml:11:17-82
106            <meta-data
106-->[:firebase_auth] AndroidManifest.xml:9:13-11:85
107                android:name="com.google.firebase.components:io.flutter.plugins.firebase.auth.FlutterFirebaseAuthRegistrar"
107-->[:firebase_auth] AndroidManifest.xml:10:17-124
108                android:value="com.google.firebase.components.ComponentRegistrar" />
108-->[:firebase_auth] AndroidManifest.xml:11:17-82
109            <meta-data
109-->[:firebase_core] AndroidManifest.xml:9:13-11:85
110                android:name="com.google.firebase.components:io.flutter.plugins.firebase.core.FlutterFirebaseCoreRegistrar"
110-->[:firebase_core] AndroidManifest.xml:10:17-124
111                android:value="com.google.firebase.components.ComponentRegistrar" />
111-->[:firebase_core] AndroidManifest.xml:11:17-82
112            <meta-data
112-->[com.google.firebase:firebase-auth:24.0.1] AndroidManifest.xml:69:13-71:85
113                android:name="com.google.firebase.components:com.google.firebase.auth.FirebaseAuthRegistrar"
113-->[com.google.firebase:firebase-auth:24.0.1] AndroidManifest.xml:70:17-109
114                android:value="com.google.firebase.components.ComponentRegistrar" />
114-->[com.google.firebase:firebase-auth:24.0.1] AndroidManifest.xml:71:17-82
115            <meta-data
115-->[com.google.firebase:firebase-firestore:26.1.0] AndroidManifest.xml:17:13-19:85
116                android:name="com.google.firebase.components:com.google.firebase.firestore.FirebaseFirestoreKtxRegistrar"
116-->[com.google.firebase:firebase-firestore:26.1.0] AndroidManifest.xml:18:17-122
117                android:value="com.google.firebase.components.ComponentRegistrar" />
117-->[com.google.firebase:firebase-firestore:26.1.0] AndroidManifest.xml:19:17-82
118            <meta-data
118-->[com.google.firebase:firebase-firestore:26.1.0] AndroidManifest.xml:20:13-22:85
119                android:name="com.google.firebase.components:com.google.firebase.firestore.FirestoreRegistrar"
119-->[com.google.firebase:firebase-firestore:26.1.0] AndroidManifest.xml:21:17-111
120                android:value="com.google.firebase.components.ComponentRegistrar" />
120-->[com.google.firebase:firebase-firestore:26.1.0] AndroidManifest.xml:22:17-82
121            <meta-data
121-->[com.google.firebase:firebase-storage:22.0.1] AndroidManifest.xml:30:13-32:85
122                android:name="com.google.firebase.components:com.google.firebase.storage.FirebaseStorageKtxRegistrar"
122-->[com.google.firebase:firebase-storage:22.0.1] AndroidManifest.xml:31:17-118
123                android:value="com.google.firebase.components.ComponentRegistrar" />
123-->[com.google.firebase:firebase-storage:22.0.1] AndroidManifest.xml:32:17-82
124            <meta-data
124-->[com.google.firebase:firebase-storage:22.0.1] AndroidManifest.xml:33:13-35:85
125                android:name="com.google.firebase.components:com.google.firebase.storage.StorageRegistrar"
125-->[com.google.firebase:firebase-storage:22.0.1] AndroidManifest.xml:34:17-107
126                android:value="com.google.firebase.components.ComponentRegistrar" />
126-->[com.google.firebase:firebase-storage:22.0.1] AndroidManifest.xml:35:17-82
127            <meta-data
127-->[com.google.firebase:firebase-appcheck-debug:19.0.2] AndroidManifest.xml:25:13-27:85
128                android:name="com.google.firebase.components:com.google.firebase.appcheck.debug.FirebaseAppCheckDebugRegistrar"
128-->[com.google.firebase:firebase-appcheck-debug:19.0.2] AndroidManifest.xml:26:17-128
129                android:value="com.google.firebase.components.ComponentRegistrar" />
129-->[com.google.firebase:firebase-appcheck-debug:19.0.2] AndroidManifest.xml:27:17-82
130            <meta-data
130-->[com.google.firebase:firebase-appcheck-playintegrity:19.0.2] AndroidManifest.xml:25:13-27:85
131                android:name="com.google.firebase.components:com.google.firebase.appcheck.playintegrity.FirebaseAppCheckPlayIntegrityRegistrar"
131-->[com.google.firebase:firebase-appcheck-playintegrity:19.0.2] AndroidManifest.xml:26:17-144
132                android:value="com.google.firebase.components.ComponentRegistrar" />
132-->[com.google.firebase:firebase-appcheck-playintegrity:19.0.2] AndroidManifest.xml:27:17-82
133            <meta-data
133-->[com.google.firebase:firebase-appcheck:19.0.2] AndroidManifest.xml:25:13-27:85
134                android:name="com.google.firebase.components:com.google.firebase.appcheck.FirebaseAppCheckKtxRegistrar"
134-->[com.google.firebase:firebase-appcheck:19.0.2] AndroidManifest.xml:26:17-120
135                android:value="com.google.firebase.components.ComponentRegistrar" />
135-->[com.google.firebase:firebase-appcheck:19.0.2] AndroidManifest.xml:27:17-82
136            <meta-data
136-->[com.google.firebase:firebase-appcheck:19.0.2] AndroidManifest.xml:28:13-30:85
137                android:name="com.google.firebase.components:com.google.firebase.appcheck.FirebaseAppCheckRegistrar"
137-->[com.google.firebase:firebase-appcheck:19.0.2] AndroidManifest.xml:29:17-117
138                android:value="com.google.firebase.components.ComponentRegistrar" />
138-->[com.google.firebase:firebase-appcheck:19.0.2] AndroidManifest.xml:30:17-82
139            <meta-data
139-->[com.google.firebase:firebase-common:22.0.1] AndroidManifest.xml:35:13-37:85
140                android:name="com.google.firebase.components:com.google.firebase.FirebaseCommonKtxRegistrar"
140-->[com.google.firebase:firebase-common:22.0.1] AndroidManifest.xml:36:17-109
141                android:value="com.google.firebase.components.ComponentRegistrar" />
141-->[com.google.firebase:firebase-common:22.0.1] AndroidManifest.xml:37:17-82
142        </service>
143
144        <activity
144-->[com.google.firebase:firebase-auth:24.0.1] AndroidManifest.xml:29:9-46:20
145            android:name="com.google.firebase.auth.internal.GenericIdpActivity"
145-->[com.google.firebase:firebase-auth:24.0.1] AndroidManifest.xml:30:13-80
146            android:excludeFromRecents="true"
146-->[com.google.firebase:firebase-auth:24.0.1] AndroidManifest.xml:31:13-46
147            android:exported="true"
147-->[com.google.firebase:firebase-auth:24.0.1] AndroidManifest.xml:32:13-36
148            android:launchMode="singleTask"
148-->[com.google.firebase:firebase-auth:24.0.1] AndroidManifest.xml:33:13-44
149            android:theme="@android:style/Theme.Translucent.NoTitleBar" >
149-->[com.google.firebase:firebase-auth:24.0.1] AndroidManifest.xml:34:13-72
150            <intent-filter>
150-->[com.google.firebase:firebase-auth:24.0.1] AndroidManifest.xml:35:13-45:29
151                <action android:name="android.intent.action.VIEW" />
151-->[com.google.firebase:firebase-auth:24.0.1] AndroidManifest.xml:36:17-69
151-->[com.google.firebase:firebase-auth:24.0.1] AndroidManifest.xml:36:25-66
152
153                <category android:name="android.intent.category.DEFAULT" />
153-->[com.google.firebase:firebase-auth:24.0.1] AndroidManifest.xml:38:17-76
153-->[com.google.firebase:firebase-auth:24.0.1] AndroidManifest.xml:38:27-73
154                <category android:name="android.intent.category.BROWSABLE" />
154-->[com.google.firebase:firebase-auth:24.0.1] AndroidManifest.xml:39:17-78
154-->[com.google.firebase:firebase-auth:24.0.1] AndroidManifest.xml:39:27-75
155
156                <data
156-->src\main\AndroidManifest.xml:48:13-50
157                    android:host="firebase.auth"
158                    android:path="/"
159                    android:scheme="genericidp" />
160            </intent-filter>
161        </activity>
162        <activity
162-->[com.google.firebase:firebase-auth:24.0.1] AndroidManifest.xml:47:9-64:20
163            android:name="com.google.firebase.auth.internal.RecaptchaActivity"
163-->[com.google.firebase:firebase-auth:24.0.1] AndroidManifest.xml:48:13-79
164            android:excludeFromRecents="true"
164-->[com.google.firebase:firebase-auth:24.0.1] AndroidManifest.xml:49:13-46
165            android:exported="true"
165-->[com.google.firebase:firebase-auth:24.0.1] AndroidManifest.xml:50:13-36
166            android:launchMode="singleTask"
166-->[com.google.firebase:firebase-auth:24.0.1] AndroidManifest.xml:51:13-44
167            android:theme="@android:style/Theme.Translucent.NoTitleBar" >
167-->[com.google.firebase:firebase-auth:24.0.1] AndroidManifest.xml:52:13-72
168            <intent-filter>
168-->[com.google.firebase:firebase-auth:24.0.1] AndroidManifest.xml:53:13-63:29
169                <action android:name="android.intent.action.VIEW" />
169-->[com.google.firebase:firebase-auth:24.0.1] AndroidManifest.xml:36:17-69
169-->[com.google.firebase:firebase-auth:24.0.1] AndroidManifest.xml:36:25-66
170
171                <category android:name="android.intent.category.DEFAULT" />
171-->[com.google.firebase:firebase-auth:24.0.1] AndroidManifest.xml:38:17-76
171-->[com.google.firebase:firebase-auth:24.0.1] AndroidManifest.xml:38:27-73
172                <category android:name="android.intent.category.BROWSABLE" />
172-->[com.google.firebase:firebase-auth:24.0.1] AndroidManifest.xml:39:17-78
172-->[com.google.firebase:firebase-auth:24.0.1] AndroidManifest.xml:39:27-75
173
174                <data
174-->src\main\AndroidManifest.xml:48:13-50
175                    android:host="firebase.auth"
176                    android:path="/"
177                    android:scheme="recaptcha" />
178            </intent-filter>
179        </activity>
180
181        <service
181-->[androidx.credentials:credentials-play-services-auth:1.2.0-rc01] AndroidManifest.xml:24:9-32:19
182            android:name="androidx.credentials.playservices.CredentialProviderMetadataHolder"
182-->[androidx.credentials:credentials-play-services-auth:1.2.0-rc01] AndroidManifest.xml:25:13-94
183            android:enabled="true"
183-->[androidx.credentials:credentials-play-services-auth:1.2.0-rc01] AndroidManifest.xml:26:13-35
184            android:exported="false" >
184-->[androidx.credentials:credentials-play-services-auth:1.2.0-rc01] AndroidManifest.xml:27:13-37
185            <meta-data
185-->[androidx.credentials:credentials-play-services-auth:1.2.0-rc01] AndroidManifest.xml:29:13-31:104
186                android:name="androidx.credentials.CREDENTIAL_PROVIDER_KEY"
186-->[androidx.credentials:credentials-play-services-auth:1.2.0-rc01] AndroidManifest.xml:30:17-76
187                android:value="androidx.credentials.playservices.CredentialProviderPlayServicesImpl" />
187-->[androidx.credentials:credentials-play-services-auth:1.2.0-rc01] AndroidManifest.xml:31:17-101
188        </service>
189
190        <activity
190-->[androidx.credentials:credentials-play-services-auth:1.2.0-rc01] AndroidManifest.xml:34:9-41:20
191            android:name="androidx.credentials.playservices.HiddenActivity"
191-->[androidx.credentials:credentials-play-services-auth:1.2.0-rc01] AndroidManifest.xml:35:13-76
192            android:configChanges="orientation|screenSize|screenLayout|keyboardHidden"
192-->[androidx.credentials:credentials-play-services-auth:1.2.0-rc01] AndroidManifest.xml:36:13-87
193            android:enabled="true"
193-->[androidx.credentials:credentials-play-services-auth:1.2.0-rc01] AndroidManifest.xml:37:13-35
194            android:exported="false"
194-->[androidx.credentials:credentials-play-services-auth:1.2.0-rc01] AndroidManifest.xml:38:13-37
195            android:fitsSystemWindows="true"
195-->[androidx.credentials:credentials-play-services-auth:1.2.0-rc01] AndroidManifest.xml:39:13-45
196            android:theme="@style/Theme.Hidden" >
196-->[androidx.credentials:credentials-play-services-auth:1.2.0-rc01] AndroidManifest.xml:40:13-48
197        </activity>
198        <activity
198-->[com.google.android.gms:play-services-auth:20.7.0] AndroidManifest.xml:23:9-27:75
199            android:name="com.google.android.gms.auth.api.signin.internal.SignInHubActivity"
199-->[com.google.android.gms:play-services-auth:20.7.0] AndroidManifest.xml:24:13-93
200            android:excludeFromRecents="true"
200-->[com.google.android.gms:play-services-auth:20.7.0] AndroidManifest.xml:25:13-46
201            android:exported="false"
201-->[com.google.android.gms:play-services-auth:20.7.0] AndroidManifest.xml:26:13-37
202            android:theme="@android:style/Theme.Translucent.NoTitleBar" />
202-->[com.google.android.gms:play-services-auth:20.7.0] AndroidManifest.xml:27:13-72
203        <!--
204            Service handling Google Sign-In user revocation. For apps that do not integrate with
205            Google Sign-In, this service will never be started.
206        -->
207        <service
207-->[com.google.android.gms:play-services-auth:20.7.0] AndroidManifest.xml:33:9-37:51
208            android:name="com.google.android.gms.auth.api.signin.RevocationBoundService"
208-->[com.google.android.gms:play-services-auth:20.7.0] AndroidManifest.xml:34:13-89
209            android:exported="true"
209-->[com.google.android.gms:play-services-auth:20.7.0] AndroidManifest.xml:35:13-36
210            android:permission="com.google.android.gms.auth.api.signin.permission.REVOCATION_NOTIFICATION"
210-->[com.google.android.gms:play-services-auth:20.7.0] AndroidManifest.xml:36:13-107
211            android:visibleToInstantApps="true" />
211-->[com.google.android.gms:play-services-auth:20.7.0] AndroidManifest.xml:37:13-48
212
213        <provider
213-->[com.google.firebase:firebase-common:22.0.1] AndroidManifest.xml:23:9-28:39
214            android:name="com.google.firebase.provider.FirebaseInitProvider"
214-->[com.google.firebase:firebase-common:22.0.1] AndroidManifest.xml:24:13-77
215            android:authorities="com.mihir.sou_feedback_app.firebaseinitprovider"
215-->[com.google.firebase:firebase-common:22.0.1] AndroidManifest.xml:25:13-72
216            android:directBootAware="true"
216-->[com.google.firebase:firebase-common:22.0.1] AndroidManifest.xml:26:13-43
217            android:exported="false"
217-->[com.google.firebase:firebase-common:22.0.1] AndroidManifest.xml:27:13-37
218            android:initOrder="100" />
218-->[com.google.firebase:firebase-common:22.0.1] AndroidManifest.xml:28:13-36
219
220        <activity
220-->[com.google.android.gms:play-services-base:18.9.0] AndroidManifest.xml:20:9-22:45
221            android:name="com.google.android.gms.common.api.GoogleApiActivity"
221-->[com.google.android.gms:play-services-base:18.9.0] AndroidManifest.xml:20:19-85
222            android:exported="false"
222-->[com.google.android.gms:play-services-base:18.9.0] AndroidManifest.xml:22:19-43
223            android:theme="@android:style/Theme.Translucent.NoTitleBar" />
223-->[com.google.android.gms:play-services-base:18.9.0] AndroidManifest.xml:21:19-78
224
225        <uses-library
225-->[androidx.window:window:1.2.0] AndroidManifest.xml:23:9-25:40
226            android:name="androidx.window.extensions"
226-->[androidx.window:window:1.2.0] AndroidManifest.xml:24:13-54
227            android:required="false" />
227-->[androidx.window:window:1.2.0] AndroidManifest.xml:25:13-37
228        <uses-library
228-->[androidx.window:window:1.2.0] AndroidManifest.xml:26:9-28:40
229            android:name="androidx.window.sidecar"
229-->[androidx.window:window:1.2.0] AndroidManifest.xml:27:13-51
230            android:required="false" />
230-->[androidx.window:window:1.2.0] AndroidManifest.xml:28:13-37
231
232        <provider
232-->[androidx.lifecycle:lifecycle-process:2.7.0] AndroidManifest.xml:24:9-32:20
233            android:name="androidx.startup.InitializationProvider"
233-->[androidx.lifecycle:lifecycle-process:2.7.0] AndroidManifest.xml:25:13-67
234            android:authorities="com.mihir.sou_feedback_app.androidx-startup"
234-->[androidx.lifecycle:lifecycle-process:2.7.0] AndroidManifest.xml:26:13-68
235            android:exported="false" >
235-->[androidx.lifecycle:lifecycle-process:2.7.0] AndroidManifest.xml:27:13-37
236            <meta-data
236-->[androidx.lifecycle:lifecycle-process:2.7.0] AndroidManifest.xml:29:13-31:52
237                android:name="androidx.lifecycle.ProcessLifecycleInitializer"
237-->[androidx.lifecycle:lifecycle-process:2.7.0] AndroidManifest.xml:30:17-78
238                android:value="androidx.startup" />
238-->[androidx.lifecycle:lifecycle-process:2.7.0] AndroidManifest.xml:31:17-49
239            <meta-data
239-->[androidx.profileinstaller:profileinstaller:1.3.1] AndroidManifest.xml:29:13-31:52
240                android:name="androidx.profileinstaller.ProfileInstallerInitializer"
240-->[androidx.profileinstaller:profileinstaller:1.3.1] AndroidManifest.xml:30:17-85
241                android:value="androidx.startup" />
241-->[androidx.profileinstaller:profileinstaller:1.3.1] AndroidManifest.xml:31:17-49
242        </provider>
243
244        <meta-data
244-->[com.google.android.gms:play-services-basement:18.9.0] AndroidManifest.xml:21:9-23:69
245            android:name="com.google.android.gms.version"
245-->[com.google.android.gms:play-services-basement:18.9.0] AndroidManifest.xml:22:13-58
246            android:value="@integer/google_play_services_version" />
246-->[com.google.android.gms:play-services-basement:18.9.0] AndroidManifest.xml:23:13-66
247
248        <receiver
248-->[androidx.profileinstaller:profileinstaller:1.3.1] AndroidManifest.xml:34:9-52:20
249            android:name="androidx.profileinstaller.ProfileInstallReceiver"
249-->[androidx.profileinstaller:profileinstaller:1.3.1] AndroidManifest.xml:35:13-76
250            android:directBootAware="false"
250-->[androidx.profileinstaller:profileinstaller:1.3.1] AndroidManifest.xml:36:13-44
251            android:enabled="true"
251-->[androidx.profileinstaller:profileinstaller:1.3.1] AndroidManifest.xml:37:13-35
252            android:exported="true"
252-->[androidx.profileinstaller:profileinstaller:1.3.1] AndroidManifest.xml:38:13-36
253            android:permission="android.permission.DUMP" >
253-->[androidx.profileinstaller:profileinstaller:1.3.1] AndroidManifest.xml:39:13-57
254            <intent-filter>
254-->[androidx.profileinstaller:profileinstaller:1.3.1] AndroidManifest.xml:40:13-42:29
255                <action android:name="androidx.profileinstaller.action.INSTALL_PROFILE" />
255-->[androidx.profileinstaller:profileinstaller:1.3.1] AndroidManifest.xml:41:17-91
255-->[androidx.profileinstaller:profileinstaller:1.3.1] AndroidManifest.xml:41:25-88
256            </intent-filter>
257            <intent-filter>
257-->[androidx.profileinstaller:profileinstaller:1.3.1] AndroidManifest.xml:43:13-45:29
258                <action android:name="androidx.profileinstaller.action.SKIP_FILE" />
258-->[androidx.profileinstaller:profileinstaller:1.3.1] AndroidManifest.xml:44:17-85
258-->[androidx.profileinstaller:profileinstaller:1.3.1] AndroidManifest.xml:44:25-82
259            </intent-filter>
260            <intent-filter>
260-->[androidx.profileinstaller:profileinstaller:1.3.1] AndroidManifest.xml:46:13-48:29
261                <action android:name="androidx.profileinstaller.action.SAVE_PROFILE" />
261-->[androidx.profileinstaller:profileinstaller:1.3.1] AndroidManifest.xml:47:17-88
261-->[androidx.profileinstaller:profileinstaller:1.3.1] AndroidManifest.xml:47:25-85
262            </intent-filter>
263            <intent-filter>
263-->[androidx.profileinstaller:profileinstaller:1.3.1] AndroidManifest.xml:49:13-51:29
264                <action android:name="androidx.profileinstaller.action.BENCHMARK_OPERATION" />
264-->[androidx.profileinstaller:profileinstaller:1.3.1] AndroidManifest.xml:50:17-95
264-->[androidx.profileinstaller:profileinstaller:1.3.1] AndroidManifest.xml:50:25-92
265            </intent-filter>
266        </receiver> <!-- The activities will be merged into the manifest of the hosting app. -->
267        <activity
267-->[com.google.android.play:core-common:2.0.4] AndroidManifest.xml:14:9-18:65
268            android:name="com.google.android.play.core.common.PlayCoreDialogWrapperActivity"
268-->[com.google.android.play:core-common:2.0.4] AndroidManifest.xml:15:13-93
269            android:exported="false"
269-->[com.google.android.play:core-common:2.0.4] AndroidManifest.xml:16:13-37
270            android:stateNotNeeded="true"
270-->[com.google.android.play:core-common:2.0.4] AndroidManifest.xml:17:13-42
271            android:theme="@style/Theme.PlayCore.Transparent" />
271-->[com.google.android.play:core-common:2.0.4] AndroidManifest.xml:18:13-62
272    </application>
273
274</manifest>